app/build/intermediates/manifest_merge_blame_file/debug/manifest-merger-blame-debug-report.txt
1<?xml version="1.0" encoding="utf-8"?>
2<manifest xmlns:android="http://schemas.android.com/apk/res/android"
3    package="com.example.testapp"
4    android:versionCode="1"
5    android:versionName="1.0" >
6
7    <uses-sdk
8        android:minSdkVersion="16"
8-->src\main\AndroidManifest.xml
9        android:targetSdkVersion="30" />
9-->src\main\AndroidManifest.xml
10
11    <uses-permission android:name="android.permission.INTERNET" />
11-->src\main\AndroidManifest.xml:7:5-67
11-->src\main\AndroidManifest.xml:7:22-64
12    <uses-permission android:name="android.permission.ACCESS_NETWORK_STATE" />
12-->[com.firebaseui:firebase-ui-auth:7.1.1] AndroidManifest.xml:12:5-79
12-->[com.firebaseui:firebase-ui-auth:7.1.1] AndroidManifest.xml:12:22-76
13    <uses-permission android:name="android.permission.WAKE_LOCK" />
13-->[com.google.android.gms:play-services-measurement-api:19.0.0] AndroidManifest.xml:24:5-68
13-->[com.google.android.gms:play-services-measurement-api:19.0.0] AndroidManifest.xml:24:22-65
14    <uses-permission android:name="com.google.android.finsky.permission.BIND_GET_INSTALL_REFERRER_SERVICE" />
14-->[com.google.android.gms:play-services-measurement:19.0.0] AndroidManifest.xml:26:5-110
14-->[com.google.android.gms:play-services-measurement:19.0.0] AndroidManifest.xml:26:22-107
15
16    <application
16-->src\main\AndroidManifest.xml:10:5-39:19
17        android:name="androidx.multidex.MultiDexApplication"
18        android:allowBackup="true"
18-->src\main\AndroidManifest.xml:12:9-35
19        android:appComponentFactory="androidx.core.app.CoreComponentFactory"
19-->[androidx.core:core:1.5.0] AndroidManifest.xml:24:18-86
20        android:debuggable="true"
21        android:fullBackupContent="true"
21-->src\main\AndroidManifest.xml:11:9-41
22        android:icon="@mipmap/ic_launcher"
22-->src\main\AndroidManifest.xml:13:9-43
23        android:label="@string/app_name"
23-->src\main\AndroidManifest.xml:14:9-41
24        android:roundIcon="@mipmap/ic_launcher_round"
24-->src\main\AndroidManifest.xml:15:9-54
25        android:supportsRtl="true"
25-->src\main\AndroidManifest.xml:16:9-35
26        android:theme="@style/Theme.AppCompat.NoActionBar" >
26-->src\main\AndroidManifest.xml:17:9-59
27        <activity android:name="com.example.testapp.Guide" />
27-->src\main\AndroidManifest.xml:18:9-42
27-->src\main\AndroidManifest.xml:18:19-40
28        <activity
28-->src\main\AndroidManifest.xml:19:9-20:51
29            android:name="com.example.testapp.Notes"
29-->src\main\AndroidManifest.xml:19:19-40
30            android:screenOrientation="portrait" />
30-->src\main\AndroidManifest.xml:20:13-49
31        <activity
31-->src\main\AndroidManifest.xml:21:9-22:51
32            android:name="com.example.testapp.AddNote"
32-->src\main\AndroidManifest.xml:21:19-42
33            android:screenOrientation="portrait" />
33-->src\main\AndroidManifest.xml:22:13-49
34        <activity
34-->src\main\AndroidManifest.xml:23:9-24:51
35            android:name="com.example.testapp.Decrypt"
35-->src\main\AndroidManifest.xml:23:19-42
36            android:screenOrientation="portrait" />
36-->src\main\AndroidManifest.xml:24:13-49
37        <activity
37-->src\main\AndroidManifest.xml:25:9-26:51
38            android:name="com.example.testapp.Encrypt"
38-->src\main\AndroidManifest.xml:25:19-42
39            android:screenOrientation="portrait" />
39-->src\main\AndroidManifest.xml:26:13-49
40        <activity
40-->src\main\AndroidManifest.xml:27:9-28:51
41            android:name="com.example.testapp.Login"
41-->src\main\AndroidManifest.xml:27:19-40
42            android:screenOrientation="portrait" />
42-->src\main\AndroidManifest.xml:28:13-49
43        <activity
43-->src\main\AndroidManifest.xml:29:9-36:20
44            android:name="com.example.testapp.Registration"
44-->src\main\AndroidManifest.xml:29:19-47
45            android:screenOrientation="portrait" >
45-->src\main\AndroidManifest.xml:30:13-49
46            <intent-filter>
46-->src\main\AndroidManifest.xml:31:13-35:29
47                <action android:name="android.intent.action.MAIN" />
47-->src\main\AndroidManifest.xml:32:17-69
47-->src\main\AndroidManifest.xml:32:25-66
48
49                <category android:name="android.intent.category.LAUNCHER" />
49-->src\main\AndroidManifest.xml:34:17-77
49-->src\main\AndroidManifest.xml:34:27-74
50            </intent-filter>
51        </activity>
52        <activity
52-->src\main\AndroidManifest.xml:37:9-38:51
53            android:name="com.example.testapp.MainActivity"
53-->src\main\AndroidManifest.xml:37:19-47
54            android:screenOrientation="portrait" />
54-->src\main\AndroidManifest.xml:38:13-49
55
56        <meta-data
56-->[com.firebaseui:firebase-ui-auth:7.1.1] AndroidManifest.xml:16:9-18:69
57            android:name="com.google.android.gms.version"
57-->[com.firebaseui:firebase-ui-auth:7.1.1] AndroidManifest.xml:17:13-58
58            android:value="@integer/google_play_services_version" />
58-->[com.firebaseui:firebase-ui-auth:7.1.1] AndroidManifest.xml:18:13-66
59        <meta-data
59-->[com.firebaseui:firebase-ui-auth:7.1.1] AndroidManifest.xml:19:9-21:63
60            android:name="com.facebook.sdk.ApplicationId"
60-->[com.firebaseui:firebase-ui-auth:7.1.1] AndroidManifest.xml:20:13-58
61            android:value="@string/facebook_application_id" />
61-->[com.firebaseui:firebase-ui-auth:7.1.1] AndroidManifest.xml:21:13-60
62
63        <activity
63-->[com.firebaseui:firebase-ui-auth:7.1.1] AndroidManifest.xml:23:9-27:61
64            android:name="com.firebase.ui.auth.KickoffActivity"
64-->[com.firebaseui:firebase-ui-auth:7.1.1] AndroidManifest.xml:24:13-64
65            android:exported="false"
65-->[com.firebaseui:firebase-ui-auth:7.1.1] AndroidManifest.xml:25:13-37
66            android:label=""
66-->[com.firebaseui:firebase-ui-auth:7.1.1] AndroidManifest.xml:26:13-29
67            android:theme="@style/FirebaseUI.Transparent" />
67-->[com.firebaseui:firebase-ui-auth:7.1.1] AndroidManifest.xml:27:13-58
68        <activity
68-->[com.firebaseui:firebase-ui-auth:7.1.1] AndroidManifest.xml:28:9-32:61
69            android:name="com.firebase.ui.auth.ui.idp.SingleSignInActivity"
69-->[com.firebaseui:firebase-ui-auth:7.1.1] AndroidManifest.xml:29:13-76
70            android:exported="false"
70-->[com.firebaseui:firebase-ui-auth:7.1.1] AndroidManifest.xml:30:13-37
71            android:label=""
71-->[com.firebaseui:firebase-ui-auth:7.1.1] AndroidManifest.xml:31:13-29
72            android:theme="@style/FirebaseUI.Transparent" />
72-->[com.firebaseui:firebase-ui-auth:7.1.1] AndroidManifest.xml:32:13-58
73        <activity
73-->[com.firebaseui:firebase-ui-auth:7.1.1] AndroidManifest.xml:33:9-37:61
74            android:name="com.firebase.ui.auth.ui.credentials.CredentialSaveActivity"
74-->[com.firebaseui:firebase-ui-auth:7.1.1] AndroidManifest.xml:34:13-86
75            android:exported="false"
75-->[com.firebaseui:firebase-ui-auth:7.1.1] AndroidManifest.xml:35:13-37
76            android:label=""
76-->[com.firebaseui:firebase-ui-auth:7.1.1] AndroidManifest.xml:36:13-29
77            android:theme="@style/FirebaseUI.Transparent" />
77-->[com.firebaseui:firebase-ui-auth:7.1.1] AndroidManifest.xml:37:13-58
78        <activity
78-->[com.firebaseui:firebase-ui-auth:7.1.1] AndroidManifest.xml:38:9-42:58
79            android:name="com.firebase.ui.auth.ui.email.RecoverPasswordActivity"
79-->[com.firebaseui:firebase-ui-auth:7.1.1] AndroidManifest.xml:39:13-81
80            android:exported="false"
80-->[com.firebaseui:firebase-ui-auth:7.1.1] AndroidManifest.xml:40:13-37
81            android:label="@string/fui_title_recover_password_activity"
81-->[com.firebaseui:firebase-ui-auth:7.1.1] AndroidManifest.xml:41:13-72
82            android:windowSoftInputMode="adjustResize" />
82-->[com.firebaseui:firebase-ui-auth:7.1.1] AndroidManifest.xml:42:13-55
83        <activity
83-->[com.firebaseui:firebase-ui-auth:7.1.1] AndroidManifest.xml:43:9-47:58
84            android:name="com.firebase.ui.auth.ui.email.EmailActivity"
84-->[com.firebaseui:firebase-ui-auth:7.1.1] AndroidManifest.xml:44:13-71
85            android:exported="false"
85-->[com.firebaseui:firebase-ui-auth:7.1.1] AndroidManifest.xml:45:13-37
86            android:label="@string/fui_sign_in_default"
86-->[com.firebaseui:firebase-ui-auth:7.1.1] AndroidManifest.xml:46:13-56
87            android:windowSoftInputMode="adjustResize" />
87-->[com.firebaseui:firebase-ui-auth:7.1.1] AndroidManifest.xml:47:13-55
88        <activity
88-->[com.firebaseui:firebase-ui-auth:7.1.1] AndroidManifest.xml:48:9-52:77
89            android:name="com.firebase.ui.auth.ui.phone.PhoneActivity"
89-->[com.firebaseui:firebase-ui-auth:7.1.1] AndroidManifest.xml:49:13-71
90            android:exported="false"
90-->[com.firebaseui:firebase-ui-auth:7.1.1] AndroidManifest.xml:50:13-37
91            android:label="@string/fui_sign_in_with_phone_number"
91-->[com.firebaseui:firebase-ui-auth:7.1.1] AndroidManifest.xml:51:13-66
92            android:windowSoftInputMode="adjustResize|stateAlwaysVisible" />
92-->[com.firebaseui:firebase-ui-auth:7.1.1] AndroidManifest.xml:52:13-74
93        <activity
93-->[com.firebaseui:firebase-ui-auth:7.1.1] AndroidManifest.xml:53:9-57:58
94            android:name="com.firebase.ui.auth.ui.idp.WelcomeBackIdpPrompt"
94-->[com.firebaseui:firebase-ui-auth:7.1.1] AndroidManifest.xml:54:13-76
95            android:exported="false"
95-->[com.firebaseui:firebase-ui-auth:7.1.1] AndroidManifest.xml:55:13-37
96            android:label="@string/fui_title_welcome_back_idp_prompt"
96-->[com.firebaseui:firebase-ui-auth:7.1.1] AndroidManifest.xml:56:13-70
97            android:windowSoftInputMode="adjustResize" />
97-->[com.firebaseui:firebase-ui-auth:7.1.1] AndroidManifest.xml:57:13-55
98        <activity
98-->[com.firebaseui:firebase-ui-auth:7.1.1] AndroidManifest.xml:58:9-62:58
99            android:name="com.firebase.ui.auth.ui.email.WelcomeBackPasswordPrompt"
99-->[com.firebaseui:firebase-ui-auth:7.1.1] AndroidManifest.xml:59:13-83
100            android:exported="false"
100-->[com.firebaseui:firebase-ui-auth:7.1.1] AndroidManifest.xml:60:13-37
101            android:label="@string/fui_title_welcome_back_password_prompt"
101-->[com.firebaseui:firebase-ui-auth:7.1.1] AndroidManifest.xml:61:13-75
102            android:windowSoftInputMode="adjustResize" />
102-->[com.firebaseui:firebase-ui-auth:7.1.1] AndroidManifest.xml:62:13-55
103        <activity
103-->[com.firebaseui:firebase-ui-auth:7.1.1] AndroidManifest.xml:63:9-67:58
104            android:name="com.firebase.ui.auth.ui.email.WelcomeBackEmailLinkPrompt"
104-->[com.firebaseui:firebase-ui-auth:7.1.1] AndroidManifest.xml:64:13-84
105            android:exported="false"
105-->[com.firebaseui:firebase-ui-auth:7.1.1] AndroidManifest.xml:65:13-37
106            android:label="@string/fui_title_welcome_back_password_prompt"
106-->[com.firebaseui:firebase-ui-auth:7.1.1] AndroidManifest.xml:66:13-75
107            android:windowSoftInputMode="adjustResize" />
107-->[com.firebaseui:firebase-ui-auth:7.1.1] AndroidManifest.xml:67:13-55
108        <activity
108-->[com.firebaseui:firebase-ui-auth:7.1.1] AndroidManifest.xml:68:9-73:58
109            android:name="com.firebase.ui.auth.ui.email.EmailLinkCatcherActivity"
109-->[com.firebaseui:firebase-ui-auth:7.1.1] AndroidManifest.xml:69:13-82
110            android:exported="false"
110-->[com.firebaseui:firebase-ui-auth:7.1.1] AndroidManifest.xml:70:13-37
111            android:label=""
111-->[com.firebaseui:firebase-ui-auth:7.1.1] AndroidManifest.xml:71:13-29
112            android:theme="@style/FirebaseUI.Transparent"
112-->[com.firebaseui:firebase-ui-auth:7.1.1] AndroidManifest.xml:72:13-58
113            android:windowSoftInputMode="adjustResize" />
113-->[com.firebaseui:firebase-ui-auth:7.1.1] AndroidManifest.xml:73:13-55
114        <activity
114-->[com.firebaseui:firebase-ui-auth:7.1.1] AndroidManifest.xml:74:9-78:58
115            android:name="com.firebase.ui.auth.ui.email.EmailLinkErrorRecoveryActivity"
115-->[com.firebaseui:firebase-ui-auth:7.1.1] AndroidManifest.xml:75:13-88
116            android:exported="false"
116-->[com.firebaseui:firebase-ui-auth:7.1.1] AndroidManifest.xml:76:13-37
117            android:label="@string/fui_sign_in_default"
117-->[com.firebaseui:firebase-ui-auth:7.1.1] AndroidManifest.xml:77:13-56
118            android:windowSoftInputMode="adjustResize" />
118-->[com.firebaseui:firebase-ui-auth:7.1.1] AndroidManifest.xml:78:13-55
119        <activity
119-->[com.firebaseui:firebase-ui-auth:7.1.1] AndroidManifest.xml:79:9-82:65
120            android:name="com.firebase.ui.auth.ui.idp.AuthMethodPickerActivity"
120-->[com.firebaseui:firebase-ui-auth:7.1.1] AndroidManifest.xml:80:13-80
121            android:exported="false"
121-->[com.firebaseui:firebase-ui-auth:7.1.1] AndroidManifest.xml:81:13-37
122            android:label="@string/fui_default_toolbar_title" />
122-->[com.firebaseui:firebase-ui-auth:7.1.1] AndroidManifest.xml:82:13-62
123        <activity
123-->[com.firebaseui:firebase-ui-auth:7.1.1] AndroidManifest.xml:83:9-87:48
124            android:name="com.facebook.FacebookActivity"
124-->[com.firebaseui:firebase-ui-auth:7.1.1] AndroidManifest.xml:84:13-57
125            android:configChanges="keyboard|keyboardHidden|screenLayout|screenSize|orientation"
125-->[com.firebaseui:firebase-ui-auth:7.1.1] AndroidManifest.xml:85:13-96
126            android:label="@string/app_name" />
126-->[com.firebaseui:firebase-ui-auth:7.1.1] AndroidManifest.xml:86:13-45
127        <activity
127-->[com.firebaseui:firebase-ui-auth:7.1.1] AndroidManifest.xml:88:9-100:20
128            android:name="com.facebook.CustomTabActivity"
128-->[com.firebaseui:firebase-ui-auth:7.1.1] AndroidManifest.xml:89:13-58
129            android:exported="true" >
129-->[com.firebaseui:firebase-ui-auth:7.1.1] AndroidManifest.xml:90:13-36
130            <intent-filter>
130-->[com.firebaseui:firebase-ui-auth:7.1.1] AndroidManifest.xml:92:13-99:29
131                <action android:name="android.intent.action.VIEW" />
131-->[com.firebaseui:firebase-ui-auth:7.1.1] AndroidManifest.xml:93:17-69
131-->[com.firebaseui:firebase-ui-auth:7.1.1] AndroidManifest.xml:93:25-66
132
133                <category android:name="android.intent.category.DEFAULT" />
133-->[com.firebaseui:firebase-ui-auth:7.1.1] AndroidManifest.xml:95:17-76
133-->[com.firebaseui:firebase-ui-auth:7.1.1] AndroidManifest.xml:95:27-73
134                <category android:name="android.intent.category.BROWSABLE" />
134-->[com.firebaseui:firebase-ui-auth:7.1.1] AndroidManifest.xml:96:17-78
134-->[com.firebaseui:firebase-ui-auth:7.1.1] AndroidManifest.xml:96:27-75
135
136                <data android:scheme="@string/facebook_login_protocol_scheme" />
136-->[com.firebaseui:firebase-ui-auth:7.1.1] AndroidManifest.xml:98:17-81
136-->[com.firebaseui:firebase-ui-auth:7.1.1] AndroidManifest.xml:98:23-78
137            </intent-filter>
138        </activity>
139
140        <provider
140-->[com.firebaseui:firebase-ui-auth:7.1.1] AndroidManifest.xml:102:9-106:38
141            android:name="com.firebase.ui.auth.data.client.AuthUiInitProvider"
141-->[com.firebaseui:firebase-ui-auth:7.1.1] AndroidManifest.xml:103:13-79
142            android:authorities="com.example.testapp.authuiinitprovider"
142-->[com.firebaseui:firebase-ui-auth:7.1.1] AndroidManifest.xml:104:13-70
143            android:exported="false"
143-->[com.firebaseui:firebase-ui-auth:7.1.1] AndroidManifest.xml:105:13-37
144            android:initOrder="90" />
144-->[com.firebaseui:firebase-ui-auth:7.1.1] AndroidManifest.xml:106:13-35
145
146        <activity
146-->[com.google.firebase:firebase-auth:21.0.1] AndroidManifest.xml:27:9-44:20
147            android:name="com.google.firebase.auth.internal.GenericIdpActivity"
147-->[com.google.firebase:firebase-auth:21.0.1] AndroidManifest.xml:28:13-80
148            android:excludeFromRecents="true"
148-->[com.google.firebase:firebase-auth:21.0.1] AndroidManifest.xml:29:13-46
149            android:exported="true"
149-->[com.google.firebase:firebase-auth:21.0.1] AndroidManifest.xml:30:13-36
150            android:launchMode="singleTask"
150-->[com.google.firebase:firebase-auth:21.0.1] AndroidManifest.xml:31:13-44
151            android:theme="@android:style/Theme.Translucent.NoTitleBar" >
151-->[com.google.firebase:firebase-auth:21.0.1] AndroidManifest.xml:32:13-72
152            <intent-filter>
152-->[com.google.firebase:firebase-auth:21.0.1] AndroidManifest.xml:33:13-43:29
153                <action android:name="android.intent.action.VIEW" />
153-->[com.firebaseui:firebase-ui-auth:7.1.1] AndroidManifest.xml:93:17-69
153-->[com.firebaseui:firebase-ui-auth:7.1.1] AndroidManifest.xml:93:25-66
154
155                <category android:name="android.intent.category.DEFAULT" />
155-->[com.firebaseui:firebase-ui-auth:7.1.1] AndroidManifest.xml:95:17-76
155-->[com.firebaseui:firebase-ui-auth:7.1.1] AndroidManifest.xml:95:27-73
156                <category android:name="android.intent.category.BROWSABLE" />
156-->[com.firebaseui:firebase-ui-auth:7.1.1] AndroidManifest.xml:96:17-78
156-->[com.firebaseui:firebase-ui-auth:7.1.1] AndroidManifest.xml:96:27-75
157
158                <data
158-->[com.firebaseui:firebase-ui-auth:7.1.1] AndroidManifest.xml:98:17-81
159                    android:host="firebase.auth"
160                    android:path="/"
161                    android:scheme="genericidp" />
161-->[com.firebaseui:firebase-ui-auth:7.1.1] AndroidManifest.xml:98:23-78
162            </intent-filter>
163        </activity>
164        <activity
164-->[com.google.firebase:firebase-auth:21.0.1] AndroidManifest.xml:45:9-62:20
165            android:name="com.google.firebase.auth.internal.RecaptchaActivity"
165-->[com.google.firebase:firebase-auth:21.0.1] AndroidManifest.xml:46:13-79
166            android:excludeFromRecents="true"
166-->[com.google.firebase:firebase-auth:21.0.1] AndroidManifest.xml:47:13-46
167            android:exported="true"
167-->[com.google.firebase:firebase-auth:21.0.1] AndroidManifest.xml:48:13-36
168            android:launchMode="singleTask"
168-->[com.google.firebase:firebase-auth:21.0.1] AndroidManifest.xml:49:13-44
169            android:theme="@android:style/Theme.Translucent.NoTitleBar" >
169-->[com.google.firebase:firebase-auth:21.0.1] AndroidManifest.xml:50:13-72
170            <intent-filter>
170-->[com.google.firebase:firebase-auth:21.0.1] AndroidManifest.xml:51:13-61:29
171                <action android:name="android.intent.action.VIEW" />
171-->[com.firebaseui:firebase-ui-auth:7.1.1] AndroidManifest.xml:93:17-69
171-->[com.firebaseui:firebase-ui-auth:7.1.1] AndroidManifest.xml:93:25-66
172
173                <category android:name="android.intent.category.DEFAULT" />
173-->[com.firebaseui:firebase-ui-auth:7.1.1] AndroidManifest.xml:95:17-76
173-->[com.firebaseui:firebase-ui-auth:7.1.1] AndroidManifest.xml:95:27-73
174                <category android:name="android.intent.category.BROWSABLE" />
174-->[com.firebaseui:firebase-ui-auth:7.1.1] AndroidManifest.xml:96:17-78
174-->[com.firebaseui:firebase-ui-auth:7.1.1] AndroidManifest.xml:96:27-75
175
176                <data
176-->[com.firebaseui:firebase-ui-auth:7.1.1] AndroidManifest.xml:98:17-81
177                    android:host="firebase.auth"
178                    android:path="/"
179                    android:scheme="recaptcha" />
179-->[com.firebaseui:firebase-ui-auth:7.1.1] AndroidManifest.xml:98:23-78
180            </intent-filter>
181        </activity>
182
183        <service
183-->[com.google.firebase:firebase-auth:21.0.1] AndroidManifest.xml:64:9-73:19
184            android:name="com.google.firebase.auth.api.fallback.service.FirebaseAuthFallbackService"
184-->[com.google.firebase:firebase-auth:21.0.1] AndroidManifest.xml:65:13-101
185            android:enabled="true"
185-->[com.google.firebase:firebase-auth:21.0.1] AndroidManifest.xml:66:13-35
186            android:exported="false" >
186-->[com.google.firebase:firebase-auth:21.0.1] AndroidManifest.xml:67:13-37
187            <intent-filter>
187-->[com.google.firebase:firebase-auth:21.0.1] AndroidManifest.xml:68:13-72:29
188                <action android:name="com.google.firebase.auth.api.gms.service.START" />
188-->[com.google.firebase:firebase-auth:21.0.1] AndroidManifest.xml:69:17-89
188-->[com.google.firebase:firebase-auth:21.0.1] AndroidManifest.xml:69:25-86
189
190                <category android:name="android.intent.category.DEFAULT" />
190-->[com.firebaseui:firebase-ui-auth:7.1.1] AndroidManifest.xml:95:17-76
190-->[com.firebaseui:firebase-ui-auth:7.1.1] AndroidManifest.xml:95:27-73
191            </intent-filter>
192        </service>
193        <service
193-->[com.google.firebase:firebase-auth:21.0.1] AndroidManifest.xml:74:9-80:19
194            android:name="com.google.firebase.components.ComponentDiscoveryService"
194-->[com.google.firebase:firebase-auth:21.0.1] AndroidManifest.xml:75:13-84
195            android:directBootAware="true"
195-->[com.google.firebase:firebase-common:20.0.0] AndroidManifest.xml:35:13-43
196            android:exported="false" >
196-->[com.google.firebase:firebase-auth:21.0.1] AndroidManifest.xml:76:13-37
197            <meta-data
197-->[com.google.firebase:firebase-auth:21.0.1] AndroidManifest.xml:77:13-79:85
198                android:name="com.google.firebase.components:com.google.firebase.auth.FirebaseAuthRegistrar"
198-->[com.google.firebase:firebase-auth:21.0.1] AndroidManifest.xml:78:17-109
199                android:value="com.google.firebase.components.ComponentRegistrar" />
199-->[com.google.firebase:firebase-auth:21.0.1] AndroidManifest.xml:79:17-82
200            <meta-data
200-->[com.google.firebase:firebase-firestore:23.0.0] AndroidManifest.xml:20:13-22:85
201                android:name="com.google.firebase.components:com.google.firebase.firestore.FirestoreRegistrar"
201-->[com.google.firebase:firebase-firestore:23.0.0] AndroidManifest.xml:21:17-111
202                android:value="com.google.firebase.components.ComponentRegistrar" />
202-->[com.google.firebase:firebase-firestore:23.0.0] AndroidManifest.xml:22:17-82
203            <meta-data
203-->[com.google.firebase:firebase-storage:19.2.1] AndroidManifest.xml:33:13-35:85
204                android:name="com.google.firebase.components:com.google.firebase.storage.StorageRegistrar"
204-->[com.google.firebase:firebase-storage:19.2.1] AndroidManifest.xml:34:17-107
205                android:value="com.google.firebase.components.ComponentRegistrar" />
205-->[com.google.firebase:firebase-storage:19.2.1] AndroidManifest.xml:35:17-82
206            <meta-data
206-->[com.google.android.gms:play-services-measurement-api:19.0.0] AndroidManifest.xml:30:13-32:85
207                android:name="com.google.firebase.components:com.google.firebase.analytics.connector.internal.AnalyticsConnectorRegistrar"
207-->[com.google.android.gms:play-services-measurement-api:19.0.0] AndroidManifest.xml:31:17-139
208                android:value="com.google.firebase.components.ComponentRegistrar" />
208-->[com.google.android.gms:play-services-measurement-api:19.0.0] AndroidManifest.xml:32:17-82
209            <meta-data
209-->[com.google.firebase:firebase-database:19.6.0] AndroidManifest.xml:32:13-34:85
210                android:name="com.google.firebase.components:com.google.firebase.database.DatabaseRegistrar"
210-->[com.google.firebase:firebase-database:19.6.0] AndroidManifest.xml:33:17-109
211                android:value="com.google.firebase.components.ComponentRegistrar" />
211-->[com.google.firebase:firebase-database:19.6.0] AndroidManifest.xml:34:17-82
212            <meta-data
212-->[com.google.firebase:firebase-installations:17.0.0] AndroidManifest.xml:18:13-20:85
213                android:name="com.google.firebase.components:com.google.firebase.installations.FirebaseInstallationsRegistrar"
213-->[com.google.firebase:firebase-installations:17.0.0] AndroidManifest.xml:19:17-127
214                android:value="com.google.firebase.components.ComponentRegistrar" />
214-->[com.google.firebase:firebase-installations:17.0.0] AndroidManifest.xml:20:17-82
215        </service>
216
217        <provider
217-->[com.google.firebase:firebase-common:20.0.0] AndroidManifest.xml:26:9-31:39
218            android:name="com.google.firebase.provider.FirebaseInitProvider"
218-->[com.google.firebase:firebase-common:20.0.0] AndroidManifest.xml:27:13-77
219            android:authorities="com.example.testapp.firebaseinitprovider"
219-->[com.google.firebase:firebase-common:20.0.0] AndroidManifest.xml:28:13-72
220            android:directBootAware="true"
220-->[com.google.firebase:firebase-common:20.0.0] AndroidManifest.xml:29:13-43
221            android:exported="false"
221-->[com.google.firebase:firebase-common:20.0.0] AndroidManifest.xml:30:13-37
222            android:initOrder="100" />
222-->[com.google.firebase:firebase-common:20.0.0] AndroidManifest.xml:31:13-36
223
224        <activity
224-->[com.google.android.gms:play-services-auth:19.0.0] AndroidManifest.xml:23:9-27:75
225            android:name="com.google.android.gms.auth.api.signin.internal.SignInHubActivity"
225-->[com.google.android.gms:play-services-auth:19.0.0] AndroidManifest.xml:24:13-93
226            android:excludeFromRecents="true"
226-->[com.google.android.gms:play-services-auth:19.0.0] AndroidManifest.xml:25:13-46
227            android:exported="false"
227-->[com.google.android.gms:play-services-auth:19.0.0] AndroidManifest.xml:26:13-37
228            android:theme="@android:style/Theme.Translucent.NoTitleBar" />
228-->[com.google.android.gms:play-services-auth:19.0.0] AndroidManifest.xml:27:13-72
229        <!--
230            Service handling Google Sign-In user revocation. For apps that do not integrate with
231            Google Sign-In, this service will never be started.
232        -->
233        <service
233-->[com.google.android.gms:play-services-auth:19.0.0] AndroidManifest.xml:33:9-37:51
234            android:name="com.google.android.gms.auth.api.signin.RevocationBoundService"
234-->[com.google.android.gms:play-services-auth:19.0.0] AndroidManifest.xml:34:13-89
235            android:exported="true"
235-->[com.google.android.gms:play-services-auth:19.0.0] AndroidManifest.xml:35:13-36
236            android:permission="com.google.android.gms.auth.api.signin.permission.REVOCATION_NOTIFICATION"
236-->[com.google.android.gms:play-services-auth:19.0.0] AndroidManifest.xml:36:13-107
237            android:visibleToInstantApps="true" />
237-->[com.google.android.gms:play-services-auth:19.0.0] AndroidManifest.xml:37:13-48
238
239        <activity
239-->[com.google.android.gms:play-services-base:17.1.0] AndroidManifest.xml:23:9-26:75
240            android:name="com.google.android.gms.common.api.GoogleApiActivity"
240-->[com.google.android.gms:play-services-base:17.1.0] AndroidManifest.xml:24:13-79
241            android:exported="false"
241-->[com.google.android.gms:play-services-base:17.1.0] AndroidManifest.xml:25:13-37
242            android:theme="@android:style/Theme.Translucent.NoTitleBar" />
242-->[com.google.android.gms:play-services-base:17.1.0] AndroidManifest.xml:26:13-72
243
244        <receiver
244-->[com.google.android.gms:play-services-measurement:19.0.0] AndroidManifest.xml:29:9-33:20
245            android:name="com.google.android.gms.measurement.AppMeasurementReceiver"
245-->[com.google.android.gms:play-services-measurement:19.0.0] AndroidManifest.xml:30:13-85
246            android:enabled="true"
246-->[com.google.android.gms:play-services-measurement:19.0.0] AndroidManifest.xml:31:13-35
247            android:exported="false" >
247-->[com.google.android.gms:play-services-measurement:19.0.0] AndroidManifest.xml:32:13-37
248        </receiver>
249
250        <service
250-->[com.google.android.gms:play-services-measurement:19.0.0] AndroidManifest.xml:35:9-38:40
251            android:name="com.google.android.gms.measurement.AppMeasurementService"
251-->[com.google.android.gms:play-services-measurement:19.0.0] AndroidManifest.xml:36:13-84
252            android:enabled="true"
252-->[com.google.android.gms:play-services-measurement:19.0.0] AndroidManifest.xml:37:13-35
253            android:exported="false" />
253-->[com.google.android.gms:play-services-measurement:19.0.0] AndroidManifest.xml:38:13-37
254        <service
254-->[com.google.android.gms:play-services-measurement:19.0.0] AndroidManifest.xml:39:9-43:72
255            android:name="com.google.android.gms.measurement.AppMeasurementJobService"
255-->[com.google.android.gms:play-services-measurement:19.0.0] AndroidManifest.xml:40:13-87
256            android:enabled="true"
256-->[com.google.android.gms:play-services-measurement:19.0.0] AndroidManifest.xml:41:13-35
257            android:exported="false"
257-->[com.google.android.gms:play-services-measurement:19.0.0] AndroidManifest.xml:42:13-37
258            android:permission="android.permission.BIND_JOB_SERVICE" />
258-->[com.google.android.gms:play-services-measurement:19.0.0] AndroidManifest.xml:43:13-69
259
260        <provider
260-->[androidx.lifecycle:lifecycle-process:2.2.0] AndroidManifest.xml:25:9-29:43
261            android:name="androidx.lifecycle.ProcessLifecycleOwnerInitializer"
261-->[androidx.lifecycle:lifecycle-process:2.2.0] AndroidManifest.xml:26:13-79
262            android:authorities="com.example.testapp.lifecycle-process"
262-->[androidx.lifecycle:lifecycle-process:2.2.0] AndroidManifest.xml:27:13-69
263            android:exported="false"
263-->[androidx.lifecycle:lifecycle-process:2.2.0] AndroidManifest.xml:28:13-37
264            android:multiprocess="true" />
264-->[androidx.lifecycle:lifecycle-process:2.2.0] AndroidManifest.xml:29:13-40
265    </application>
266
267</manifest>